This is pdfTeX, Version 3.1415926-2.5-1.40.14 (MiKTeX 2.9 64-bit) (preloaded format=pdflatex 2015.4.6)  22 MAY 2015 23:39
entering extended mode
**Main_Article_NMB_2.tex

("C:\Users\User 67\Documents\GitHub\numerieke_taak2\latex\Main_Article_NMB_2.te
x"
LaTeX2e <2011/06/27>
Babel <v3.8m> and hyphenation patterns for english, afrikaans, ancientgreek, ar
abic, armenian, assamese, basque, bengali, bokmal, bulgarian, catalan, coptic, 
croatian, czech, danish, dutch, esperanto, estonian, farsi, finnish, french, ga
lician, german, german-x-2013-05-26, greek, gujarati, hindi, hungarian, iceland
ic, indonesian, interlingua, irish, italian, kannada, kurmanji, latin, latvian,
 lithuanian, malayalam, marathi, mongolian, mongolianlmc, monogreek, ngerman, n
german-x-2013-05-26, nynorsk, oriya, panjabi, pinyin, polish, portuguese, roman
ian, russian, sanskrit, serbian, slovak, slovenian, spanish, swedish, swissgerm
an, tamil, telugu, turkish, turkmen, ukenglish, ukrainian, uppersorbian, usengl
ishmax, welsh, loaded.
("C:\Program Files\MiKTeX 2.9\tex\latex\base\article.cls"
Document Class: article 2007/10/19 v1.4h Standard LaTeX document class
("C:\Program Files\MiKTeX 2.9\tex\latex\base\size10.clo"
File: size10.clo 2007/10/19 v1.4h Standard LaTeX file (size option)
)
\c@part=\count79
\c@section=\count80
\c@subsection=\count81
\c@subsubsection=\count82
\c@paragraph=\count83
\c@subparagraph=\count84
\c@figure=\count85
\c@table=\count86
\abovecaptionskip=\skip41
\belowcaptionskip=\skip42
\bibindent=\dimen102
)
("C:\Program Files\MiKTeX 2.9\tex\latex\algorithm2e\algorithm2e.sty"
Package: algorithm2e 2013/01/06 v5.00 algorithms environments
\c@AlgoLine=\count87

("C:\Program Files\MiKTeX 2.9\tex\latex\base\ifthen.sty"
Package: ifthen 2001/05/26 v1.1c Standard LaTeX ifthen package (DPC)
)
("C:\Program Files\MiKTeX 2.9\tex\latex\tools\xspace.sty"
Package: xspace 2009/10/20 v1.13 Space after command names (DPC,MH)
)
("C:\Program Files\MiKTeX 2.9\tex\latex\ltxmisc\relsize.sty"
Package: relsize 2003/07/04 ver 3.1
)
********************************************************
Package `algorithm2e' Release 5.0 -- january 06 2013 --
- algorithm2e-announce@lirmm.fr mailing list for announcement about releases
- algorithm2e-discussion@lirmm.fr mailing list for discussion about package
subscribe by emailing sympa@lirmm.fr with 'subscribe <list> <firstname name>'
- Author: Christophe Fiorio (cfiorio@um2.fr)
********************************************************
\skiptotal=\skip43
\skiplinenumber=\skip44
\skiprule=\skip45
\skiphlne=\skip46
\skiptext=\skip47
\skiplength=\skip48
\algomargin=\skip49
\skipalgocfslide=\skip50
\algowidth=\dimen103
\inoutsize=\dimen104
\inoutindent=\dimen105
\interspacetitleruled=\dimen106
\interspacealgoruled=\dimen107
\interspacetitleboxruled=\dimen108
\algocf@inoutbox=\box26
\algocf@inputbox=\box27
\AlCapSkip=\skip51
\AlCapHSkip=\skip52
\algoskipindent=\skip53
\algocf@nlbox=\box28
\algocf@hangingbox=\box29
\algocf@untilbox=\box30
\algocf@skipuntil=\skip54
\algocf@capbox=\box31
\algoheightruledefault=\skip55
\algoheightrule=\skip56
\algotitleheightruledefault=\skip57
\algotitleheightrule=\skip58
\c@algocfline=\count88
\c@algocfproc=\count89
\c@algocf=\count90
\algocf@algoframe=\box32
\algocf@algobox=\box33
) ("C:\Program Files\MiKTeX 2.9\tex\latex\amsmath\amsmath.sty"
Package: amsmath 2013/01/14 v2.14 AMS math features
\@mathmargin=\skip59

For additional information on amsmath, use the `?' option.
("C:\Program Files\MiKTeX 2.9\tex\latex\amsmath\amstext.sty"
Package: amstext 2000/06/29 v2.01

("C:\Program Files\MiKTeX 2.9\tex\latex\amsmath\amsgen.sty"
File: amsgen.sty 1999/11/30 v2.0
\@emptytoks=\toks14
\ex@=\dimen109
))
("C:\Program Files\MiKTeX 2.9\tex\latex\amsmath\amsbsy.sty"
Package: amsbsy 1999/11/29 v1.2d
\pmbraise@=\dimen110
)
("C:\Program Files\MiKTeX 2.9\tex\latex\amsmath\amsopn.sty"
Package: amsopn 1999/12/14 v2.01 operator names
)
\inf@bad=\count91
LaTeX Info: Redefining \frac on input line 210.
\uproot@=\count92
\leftroot@=\count93
LaTeX Info: Redefining \overline on input line 306.
\classnum@=\count94
\DOTSCASE@=\count95
LaTeX Info: Redefining \ldots on input line 378.
LaTeX Info: Redefining \dots on input line 381.
LaTeX Info: Redefining \cdots on input line 466.
\Mathstrutbox@=\box34
\strutbox@=\box35
\big@size=\dimen111
LaTeX Font Info:    Redeclaring font encoding OML on input line 566.
LaTeX Font Info:    Redeclaring font encoding OMS on input line 567.
\macc@depth=\count96
\c@MaxMatrixCols=\count97
\dotsspace@=\muskip10
\c@parentequation=\count98
\dspbrk@lvl=\count99
\tag@help=\toks15
\row@=\count100
\column@=\count101
\maxfields@=\count102
\andhelp@=\toks16
\eqnshift@=\dimen112
\alignsep@=\dimen113
\tagshift@=\dimen114
\tagwidth@=\dimen115
\totwidth@=\dimen116
\lineht@=\dimen117
\@envbody=\toks17
\multlinegap=\skip60
\multlinetaggap=\skip61
\mathdisplay@stack=\toks18
LaTeX Info: Redefining \[ on input line 2665.
LaTeX Info: Redefining \] on input line 2666.
)
("C:\Program Files\MiKTeX 2.9\tex\latex\framed\framed.sty"
Package: framed 2011/10/22 v 0.96: framed or shaded text with page breaks
\OuterFrameSep=\skip62
\fb@frw=\dimen118
\fb@frh=\dimen119
\FrameRule=\dimen120
\FrameSep=\dimen121
)
("C:\Program Files\MiKTeX 2.9\tex\latex\tools\tabularx.sty"
Package: tabularx 1999/01/07 v2.07 `tabularx' package (DPC)

("C:\Program Files\MiKTeX 2.9\tex\latex\tools\array.sty"
Package: array 2008/09/09 v2.4c Tabular extension package (FMi)
\col@sep=\dimen122
\extrarowheight=\dimen123
\NC@list=\toks19
\extratabsurround=\skip63
\backup@length=\skip64
)
\TX@col@width=\dimen124
\TX@old@table=\dimen125
\TX@old@col=\dimen126
\TX@target=\dimen127
\TX@delta=\dimen128
\TX@cols=\count103
\TX@ftn=\toks20
)
("C:\Program Files\MiKTeX 2.9\tex\generic\babel\babel.sty"
Package: babel 2008/07/08 v3.8m The Babel package

*************************************
* Local config file bblopts.cfg used
*
("C:\Program Files\MiKTeX 2.9\tex\latex\00miktex\bblopts.cfg"
File: bblopts.cfg 2006/07/31 v1.0 MiKTeX 'babel' configuration
)
("C:\Program Files\MiKTeX 2.9\tex\generic\babel\dutch.ldf"
Language: dutch 2005/03/30 v3.8i Dutch support from the babel system

("C:\Program Files\MiKTeX 2.9\tex\generic\babel\babel.def"
File: babel.def 2008/07/08 v3.8m Babel common definitions
\babel@savecnt=\count104
\U@D=\dimen129
)
Package babel Info: Making " an active character on input line 132.
))
("C:\Program Files\MiKTeX 2.9\tex\latex\graphics\graphicx.sty"
Package: graphicx 1999/02/16 v1.0f Enhanced LaTeX Graphics (DPC,SPQR)

("C:\Program Files\MiKTeX 2.9\tex\latex\graphics\keyval.sty"
Package: keyval 1999/03/16 v1.13 key=value parser (DPC)
\KV@toks@=\toks21
)
("C:\Program Files\MiKTeX 2.9\tex\latex\graphics\graphics.sty"
Package: graphics 2009/02/05 v1.0o Standard LaTeX Graphics (DPC,SPQR)

("C:\Program Files\MiKTeX 2.9\tex\latex\graphics\trig.sty"
Package: trig 1999/03/16 v1.09 sin cos tan (DPC)
)
("C:\Program Files\MiKTeX 2.9\tex\latex\00miktex\graphics.cfg"
File: graphics.cfg 2007/01/18 v1.5 graphics configuration of teTeX/TeXLive
)
Package graphics Info: Driver file: pdftex.def on input line 91.

("C:\Program Files\MiKTeX 2.9\tex\latex\pdftex-def\pdftex.def"
File: pdftex.def 2011/05/27 v0.06d Graphics/color for pdfTeX

("C:\Program Files\MiKTeX 2.9\tex\generic\oberdiek\infwarerr.sty"
Package: infwarerr 2010/04/08 v1.3 Providing info/warning/error messages (HO)
)
("C:\Program Files\MiKTeX 2.9\tex\generic\oberdiek\ltxcmds.sty"
Package: ltxcmds 2011/11/09 v1.22 LaTeX kernel commands for general use (HO)
)
\Gread@gobject=\count105
))
\Gin@req@height=\dimen130
\Gin@req@width=\dimen131
)
("C:\Program Files\MiKTeX 2.9\tex\latex\oberdiek\epstopdf.sty"
Package: epstopdf 2010/02/09 v2.5 Conversion with epstopdf on the fly (HO)

("C:\Program Files\MiKTeX 2.9\tex\latex\oberdiek\epstopdf-base.sty"
Package: epstopdf-base 2010/02/09 v2.5 Base part for package epstopdf

("C:\Program Files\MiKTeX 2.9\tex\latex\oberdiek\grfext.sty"
Package: grfext 2010/08/19 v1.1 Manage graphics extensions (HO)

("C:\Program Files\MiKTeX 2.9\tex\generic\oberdiek\kvdefinekeys.sty"
Package: kvdefinekeys 2011/04/07 v1.3 Define keys (HO)
))
("C:\Program Files\MiKTeX 2.9\tex\latex\oberdiek\kvoptions.sty"
Package: kvoptions 2011/06/30 v3.11 Key value format for package options (HO)

("C:\Program Files\MiKTeX 2.9\tex\generic\oberdiek\kvsetkeys.sty"
Package: kvsetkeys 2012/04/25 v1.16 Key value parser (HO)

("C:\Program Files\MiKTeX 2.9\tex\generic\oberdiek\etexcmds.sty"
Package: etexcmds 2011/02/16 v1.5 Avoid name clashes with e-TeX commands (HO)

("C:\Program Files\MiKTeX 2.9\tex\generic\oberdiek\ifluatex.sty"
Package: ifluatex 2010/03/01 v1.3 Provides the ifluatex switch (HO)
Package ifluatex Info: LuaTeX not detected.
)
Package etexcmds Info: Could not find \expanded.
(etexcmds)             That can mean that you are not using pdfTeX 1.50 or
(etexcmds)             that some package has redefined \expanded.
(etexcmds)             In the latter case, load this package earlier.
)))
("C:\Program Files\MiKTeX 2.9\tex\generic\oberdiek\pdftexcmds.sty"
Package: pdftexcmds 2011/11/29 v0.20 Utility functions of pdfTeX for LuaTeX (HO
)

("C:\Program Files\MiKTeX 2.9\tex\generic\oberdiek\ifpdf.sty"
Package: ifpdf 2011/01/30 v2.3 Provides the ifpdf switch (HO)
Package ifpdf Info: pdfTeX in PDF mode is detected.
)
Package pdftexcmds Info: LuaTeX not detected.
Package pdftexcmds Info: \pdf@primitive is available.
Package pdftexcmds Info: \pdf@ifprimitive is available.
Package pdftexcmds Info: \pdfdraftmode found.
)
Package grfext Info: Graphics extension search list:
(grfext)             [.png,.pdf,.jpg,.mps,.jpeg,.jbig2,.jb2,.PNG,.PDF,.JPG,.JPE
G,.JBIG2,.JB2,.eps]
(grfext)             \AppendGraphicsExtensions on input line 452.
))
("C:\Program Files\MiKTeX 2.9\tex\latex\float\float.sty"
Package: float 2001/11/08 v1.3d Float enhancements (AL)
\c@float@type=\count106
\float@exts=\toks22
\float@box=\box36
\@float@everytoks=\toks23
\@floatcapt=\box37
)
("C:\Users\User 67\Documents\GitHub\numerieke_taak2\latex\Main_Article_NMB_2.au
x")
LaTeX Font Info:    Checking defaults for OML/cmm/m/it on input line 19.
LaTeX Font Info:    ... okay on input line 19.
LaTeX Font Info:    Checking defaults for T1/cmr/m/n on input line 19.
LaTeX Font Info:    ... okay on input line 19.
LaTeX Font Info:    Checking defaults for OT1/cmr/m/n on input line 19.
LaTeX Font Info:    ... okay on input line 19.
LaTeX Font Info:    Checking defaults for OMS/cmsy/m/n on input line 19.
LaTeX Font Info:    ... okay on input line 19.
LaTeX Font Info:    Checking defaults for OMX/cmex/m/n on input line 19.
LaTeX Font Info:    ... okay on input line 19.
LaTeX Font Info:    Checking defaults for U/cmr/m/n on input line 19.
LaTeX Font Info:    ... okay on input line 19.
 ("C:\Program Files\MiKTeX 2.9\tex\context\base\supp-pdf.mkii"
[Loading MPS to PDF converter (version 2006.09.02).]
\scratchcounter=\count107
\scratchdimen=\dimen132
\scratchbox=\box38
\nofMPsegments=\count108
\nofMParguments=\count109
\everyMPshowfont=\toks24
\MPscratchCnt=\count110
\MPscratchDim=\dimen133
\MPnumerator=\count111
\makeMPintoPDFobject=\count112
\everyMPtoPDFconversion=\toks25
) [1

{C:/ProgramData/MiKTeX/2.9/pdftex/config/pdftex.map}]
Underfull \hbox (badness 10000) in paragraph at lines 26--28

 []

Package epstopdf Info: Source file: <ellips.eps>
(epstopdf)                    date: 2015-05-16 00:12:06
(epstopdf)                    size: 19708 bytes
(epstopdf)             Output file: <ellips-eps-converted-to.pdf>
(epstopdf)                    date: 2015-05-16 00:12:35
(epstopdf)                    size: 6898 bytes
(epstopdf)             Command: <epstopdf --outfile=ellips-eps-converted-to.pdf
 ellips.eps>
(epstopdf)             \includegraphics on input line 59.
Package epstopdf Info: Output file is already uptodate.
<ellips-eps-converted-to.pdf, id=8, 421.575pt x 317.185pt>
File: ellips-eps-converted-to.pdf Graphic file (type pdf)

<use ellips-eps-converted-to.pdf>
Package pdftex.def Info: ellips-eps-converted-to.pdf used on input line 59.
(pdftex.def)             Requested size: 345.0pt x 259.5755pt.
 [2 <C:/Users/User 67/Documents/GitHub/numerieke_taak2/latex/ellips-eps-convert
ed-to.pdf>]
Package epstopdf Info: Source file: <cirkel.eps>
(epstopdf)                    date: 2015-05-16 00:18:12
(epstopdf)                    size: 15404 bytes
(epstopdf)             Output file: <cirkel-eps-converted-to.pdf>
(epstopdf)                    date: 2015-05-16 00:22:24
(epstopdf)                    size: 5577 bytes
(epstopdf)             Command: <epstopdf --outfile=cirkel-eps-converted-to.pdf
 cirkel.eps>
(epstopdf)             \includegraphics on input line 114.
Package epstopdf Info: Output file is already uptodate.

<cirkel-eps-converted-to.pdf, id=22, 421.575pt x 317.185pt>
File: cirkel-eps-converted-to.pdf Graphic file (type pdf)

<use cirkel-eps-converted-to.pdf>
Package pdftex.def Info: cirkel-eps-converted-to.pdf used on input line 114.
(pdftex.def)             Requested size: 345.0pt x 259.5755pt.


LaTeX Warning: `h' float specifier changed to `ht'.

[3]
LaTeX Font Info:    Try loading font information for OMS+cmr on input line 159.

 ("C:\Program Files\MiKTeX 2.9\tex\latex\base\omscmr.fd"
File: omscmr.fd 1999/05/25 v2.5h Standard LaTeX font definitions
)
LaTeX Font Info:    Font shape `OMS/cmr/m/n' in size <10> not available
(Font)              Font shape `OMS/cmsy/m/n' tried instead on input line 159.
 [4 <C:/Users/User 67/Documents/GitHub/numerieke_taak2/latex/cirkel-eps-convert
ed-to.pdf>]
[5]
Package epstopdf Info: Source file: <opgave2_N4.eps>
(epstopdf)                    date: 2015-05-22 22:33:43
(epstopdf)                    size: 39985 bytes
(epstopdf)             Output file: <opgave2_N4-eps-converted-to.pdf>
(epstopdf)                    date: 2015-05-22 22:33:43
(epstopdf)                    size: 12918 bytes
(epstopdf)             Command: <epstopdf --outfile=opgave2_N4-eps-converted-to
.pdf opgave2_N4.eps>
(epstopdf)             \includegraphics on input line 176.
Package epstopdf Info: Output file is already uptodate.
 <opgave2_N4-eps-converted-to.pdf, id=35, 421.575pt x 316.18124pt>
File: opgave2_N4-eps-converted-to.pdf Graphic file (type pdf)

<use opgave2_N4-eps-converted-to.pdf>
Package pdftex.def Info: opgave2_N4-eps-converted-to.pdf used on input line 176
.
(pdftex.def)             Requested size: 172.5pt x 129.37462pt.
Package epstopdf Info: Source file: <opgave2_N5.eps>
(epstopdf)                    date: 2015-05-22 22:33:43
(epstopdf)                    size: 39863 bytes
(epstopdf)             Output file: <opgave2_N5-eps-converted-to.pdf>
(epstopdf)                    date: 2015-05-22 22:33:43
(epstopdf)                    size: 12940 bytes
(epstopdf)             Command: <epstopdf --outfile=opgave2_N5-eps-converted-to
.pdf opgave2_N5.eps>
(epstopdf)             \includegraphics on input line 183.
Package epstopdf Info: Output file is already uptodate.

<opgave2_N5-eps-converted-to.pdf, id=36, 421.575pt x 316.18124pt>
File: opgave2_N5-eps-converted-to.pdf Graphic file (type pdf)

<use opgave2_N5-eps-converted-to.pdf>
Package pdftex.def Info: opgave2_N5-eps-converted-to.pdf used on input line 183
.
(pdftex.def)             Requested size: 172.5pt x 129.37462pt.
 [6 <C:/Users/User 67/Documents/GitHub/numerieke_taak2/latex/opgave2_N4-eps-con
verted-to.pdf> <C:/Users/User 67/Documents/GitHub/numerieke_taak2/latex/opgave2
_N5-eps-converted-to.pdf>]
Package epstopdf Info: Source file: <opgave2b_N10.eps>
(epstopdf)                    date: 2015-05-22 22:33:43
(epstopdf)                    size: 41282 bytes
(epstopdf)             Output file: <opgave2b_N10-eps-converted-to.pdf>
(epstopdf)                    date: 2015-05-22 22:33:43
(epstopdf)                    size: 13344 bytes
(epstopdf)             Command: <epstopdf --outfile=opgave2b_N10-eps-converted-
to.pdf opgave2b_N10.eps>
(epstopdf)             \includegraphics on input line 198.
Package epstopdf Info: Output file is already uptodate.

<opgave2b_N10-eps-converted-to.pdf, id=51, 421.575pt x 316.18124pt>
File: opgave2b_N10-eps-converted-to.pdf Graphic file (type pdf)

<use opgave2b_N10-eps-converted-to.pdf>
Package pdftex.def Info: opgave2b_N10-eps-converted-to.pdf used on input line 1
98.
(pdftex.def)             Requested size: 172.5pt x 129.37462pt.
Package epstopdf Info: Source file: <opgave2b_N15.eps>
(epstopdf)                    date: 2015-05-22 22:33:43
(epstopdf)                    size: 42591 bytes
(epstopdf)             Output file: <opgave2b_N15-eps-converted-to.pdf>
(epstopdf)                    date: 2015-05-22 22:33:43
(epstopdf)                    size: 13444 bytes
(epstopdf)             Command: <epstopdf --outfile=opgave2b_N15-eps-converted-
to.pdf opgave2b_N15.eps>
(epstopdf)             \includegraphics on input line 205.
Package epstopdf Info: Output file is already uptodate.

<opgave2b_N15-eps-converted-to.pdf, id=52, 421.575pt x 316.18124pt>
File: opgave2b_N15-eps-converted-to.pdf Graphic file (type pdf)

<use opgave2b_N15-eps-converted-to.pdf>
Package pdftex.def Info: opgave2b_N15-eps-converted-to.pdf used on input line 2
05.
(pdftex.def)             Requested size: 172.5pt x 129.37462pt.
Package epstopdf Info: Source file: <opgave3_N10.eps>
(epstopdf)                    date: 2015-05-22 22:33:43
(epstopdf)                    size: 53169 bytes
(epstopdf)             Output file: <opgave3_N10-eps-converted-to.pdf>
(epstopdf)                    date: 2015-05-22 22:33:43
(epstopdf)                    size: 18791 bytes
(epstopdf)             Command: <epstopdf --outfile=opgave3_N10-eps-converted-t
o.pdf opgave3_N10.eps>
(epstopdf)             \includegraphics on input line 219.
Package epstopdf Info: Output file is already uptodate.

<opgave3_N10-eps-converted-to.pdf, id=53, 421.575pt x 316.18124pt>
File: opgave3_N10-eps-converted-to.pdf Graphic file (type pdf)

<use opgave3_N10-eps-converted-to.pdf>
Package pdftex.def Info: opgave3_N10-eps-converted-to.pdf used on input line 21
9.
(pdftex.def)             Requested size: 172.5pt x 129.37462pt.
Package epstopdf Info: Source file: <opgave3_N10_error.eps>
(epstopdf)                    date: 2015-05-22 22:33:43
(epstopdf)                    size: 40108 bytes
(epstopdf)             Output file: <opgave3_N10_error-eps-converted-to.pdf>
(epstopdf)                    date: 2015-05-22 22:33:43
(epstopdf)                    size: 13851 bytes
(epstopdf)             Command: <epstopdf --outfile=opgave3_N10_error-eps-conve
rted-to.pdf opgave3_N10_error.eps>
(epstopdf)             \includegraphics on input line 226.
Package epstopdf Info: Output file is already uptodate.

<opgave3_N10_error-eps-converted-to.pdf, id=54, 421.575pt x 316.18124pt>
File: opgave3_N10_error-eps-converted-to.pdf Graphic file (type pdf)

<use opgave3_N10_error-eps-converted-to.pdf>
Package pdftex.def Info: opgave3_N10_error-eps-converted-to.pdf used on input l
ine 226.
(pdftex.def)             Requested size: 172.5pt x 129.37462pt.
Package epstopdf Info: Source file: <opgave3_N20.eps>
(epstopdf)                    date: 2015-05-22 22:33:43
(epstopdf)                    size: 53897 bytes
(epstopdf)             Output file: <opgave3_N20-eps-converted-to.pdf>
(epstopdf)                    date: 2015-05-22 22:33:43
(epstopdf)                    size: 18497 bytes
(epstopdf)             Command: <epstopdf --outfile=opgave3_N20-eps-converted-t
o.pdf opgave3_N20.eps>
(epstopdf)             \includegraphics on input line 239.
Package epstopdf Info: Output file is already uptodate.

<opgave3_N20-eps-converted-to.pdf, id=55, 421.575pt x 316.18124pt>
File: opgave3_N20-eps-converted-to.pdf Graphic file (type pdf)

<use opgave3_N20-eps-converted-to.pdf>
Package pdftex.def Info: opgave3_N20-eps-converted-to.pdf used on input line 23
9.
(pdftex.def)             Requested size: 172.5pt x 129.37462pt.
Package epstopdf Info: Source file: <opgave3_N20_error.eps>
(epstopdf)                    date: 2015-05-22 22:33:43
(epstopdf)                    size: 40976 bytes
(epstopdf)             Output file: <opgave3_N20_error-eps-converted-to.pdf>
(epstopdf)                    date: 2015-05-22 22:33:43
(epstopdf)                    size: 13637 bytes
(epstopdf)             Command: <epstopdf --outfile=opgave3_N20_error-eps-conve
rted-to.pdf opgave3_N20_error.eps>
(epstopdf)             \includegraphics on input line 246.
Package epstopdf Info: Output file is already uptodate.

<opgave3_N20_error-eps-converted-to.pdf, id=56, 421.575pt x 316.18124pt>
File: opgave3_N20_error-eps-converted-to.pdf Graphic file (type pdf)

<use opgave3_N20_error-eps-converted-to.pdf>
Package pdftex.def Info: opgave3_N20_error-eps-converted-to.pdf used on input l
ine 246.
(pdftex.def)             Requested size: 172.5pt x 129.37462pt.
 [7 <C:/Users/User 67/Documents/GitHub/numerieke_taak2/latex/opgave2b_N10-eps-c
onverted-to.pdf> <C:/Users/User 67/Documents/GitHub/numerieke_taak2/latex/opgav
e2b_N15-eps-converted-to.pdf> <C:/Users/User 67/Documents/GitHub/numerieke_taak
2/latex/opgave3_N10-eps-converted-to.pdf> <C:/Users/User 67/Documents/GitHub/nu
merieke_taak2/latex/opgave3_N10_error-eps-converted-to.pdf>]
Package epstopdf Info: Source file: <opgave3_max_error.eps>
(epstopdf)                    date: 2015-05-22 22:33:43
(epstopdf)                    size: 19420 bytes
(epstopdf)             Output file: <opgave3_max_error-eps-converted-to.pdf>
(epstopdf)                    date: 2015-05-22 22:33:43
(epstopdf)                    size: 6835 bytes
(epstopdf)             Command: <epstopdf --outfile=opgave3_max_error-eps-conve
rted-to.pdf opgave3_max_error.eps>
(epstopdf)             \includegraphics on input line 256.
Package epstopdf Info: Output file is already uptodate.

<opgave3_max_error-eps-converted-to.pdf, id=81, 421.575pt x 316.18124pt>
File: opgave3_max_error-eps-converted-to.pdf Graphic file (type pdf)

<use opgave3_max_error-eps-converted-to.pdf>
Package pdftex.def Info: opgave3_max_error-eps-converted-to.pdf used on input l
ine 256.
(pdftex.def)             Requested size: 310.4979pt x 232.87527pt.
 [8 <C:/Users/User 67/Documents/GitHub/numerieke_taak2/latex/opgave3_N20-eps-co
nverted-to.pdf> <C:/Users/User 67/Documents/GitHub/numerieke_taak2/latex/opgave
3_N20_error-eps-converted-to.pdf>]
[9 <C:/Users/User 67/Documents/GitHub/numerieke_taak2/latex/opgave3_max_error-e
ps-converted-to.pdf>]
Package epstopdf Info: Source file: <omega.eps>
(epstopdf)                    date: 2015-05-22 22:33:43
(epstopdf)                    size: 17966 bytes
(epstopdf)             Output file: <omega-eps-converted-to.pdf>
(epstopdf)                    date: 2015-05-22 22:33:43
(epstopdf)                    size: 5715 bytes
(epstopdf)             Command: <epstopdf --outfile=omega-eps-converted-to.pdf 
omega.eps>
(epstopdf)             \includegraphics on input line 270.
Package epstopdf Info: Output file is already uptodate.

<omega-eps-converted-to.pdf, id=103, 429.605pt x 318.18875pt>
File: omega-eps-converted-to.pdf Graphic file (type pdf)

<use omega-eps-converted-to.pdf>
Package pdftex.def Info: omega-eps-converted-to.pdf used on input line 270.
(pdftex.def)             Requested size: 172.5pt x 127.76361pt.
Package epstopdf Info: Source file: <eps.eps>
(epstopdf)                    date: 2015-05-22 22:33:43
(epstopdf)                    size: 17968 bytes
(epstopdf)             Output file: <eps-eps-converted-to.pdf>
(epstopdf)                    date: 2015-05-22 22:33:43
(epstopdf)                    size: 5699 bytes
(epstopdf)             Command: <epstopdf --outfile=eps-eps-converted-to.pdf ep
s.eps>
(epstopdf)             \includegraphics on input line 277.
Package epstopdf Info: Output file is already uptodate.

<eps-eps-converted-to.pdf, id=104, 429.605pt x 318.18875pt>
File: eps-eps-converted-to.pdf Graphic file (type pdf)

<use eps-eps-converted-to.pdf>
Package pdftex.def Info: eps-eps-converted-to.pdf used on input line 277.
(pdftex.def)             Requested size: 172.5pt x 127.76361pt.
Package epstopdf Info: Source file: <elsapoging3.eps>
(epstopdf)                    date: 2015-05-22 22:33:43
(epstopdf)                    size: 40240 bytes
(epstopdf)             Output file: <elsapoging3-eps-converted-to.pdf>
(epstopdf)                    date: 2015-05-22 22:33:43
(epstopdf)                    size: 13680 bytes
(epstopdf)             Command: <epstopdf --outfile=elsapoging3-eps-converted-t
o.pdf elsapoging3.eps>
(epstopdf)             \includegraphics on input line 286.
Package epstopdf Info: Output file is already uptodate.

<elsapoging3-eps-converted-to.pdf, id=105, 421.575pt x 316.18124pt>
File: elsapoging3-eps-converted-to.pdf Graphic file (type pdf)

<use elsapoging3-eps-converted-to.pdf>
Package pdftex.def Info: elsapoging3-eps-converted-to.pdf used on input line 28
6.
(pdftex.def)             Requested size: 345.0pt x 258.75406pt.
 [10 <C:/Users/User 67/Documents/GitHub/numerieke_taak2/latex/omega-eps-convert
ed-to.pdf> <C:/Users/User 67/Documents/GitHub/numerieke_taak2/latex/eps-eps-con
verted-to.pdf>] [11 <C:/Users/User 67/Documents/GitHub/numerieke_taak2/latex/el
sapoging3-eps-converted-to.pdf>]
("C:\Users\User 67\Documents\GitHub\numerieke_taak2\latex\Main_Article_NMB_2.au
x") ) 
Here is how much of TeX's memory you used:
 4112 strings out of 493921
 57115 string characters out of 3147277
 140324 words of memory out of 3000000
 7343 multiletter control sequences out of 15000+200000
 9554 words of font info for 35 fonts, out of 3000000 for 9000
 841 hyphenation exceptions out of 8191
 42i,9n,24p,330b,291s stack positions out of 5000i,500n,10000p,200000b,50000s
<C:/Program Files/MiKTeX 2.9/fonts/type1/public/amsfonts/cm/cmbx12.pfb><C:
/Program Files/MiKTeX 2.9/fonts/type1/public/amsfonts/cm/cmex10.pfb><C:/Program
 Files/MiKTeX 2.9/fonts/type1/public/amsfonts/cm/cmmi10.pfb><C:/Program Files/M
iKTeX 2.9/fonts/type1/public/amsfonts/cm/cmmi12.pfb><C:/Program Files/MiKTeX 2.
9/fonts/type1/public/amsfonts/cm/cmmi7.pfb><C:/Program Files/MiKTeX 2.9/fonts/t
ype1/public/amsfonts/cm/cmr10.pfb><C:/Program Files/MiKTeX 2.9/fonts/type1/publ
ic/amsfonts/cm/cmr12.pfb><C:/Program Files/MiKTeX 2.9/fonts/type1/public/amsfon
ts/cm/cmr17.pfb><C:/Program Files/MiKTeX 2.9/fonts/type1/public/amsfonts/cm/cmr
7.pfb><C:/Program Files/MiKTeX 2.9/fonts/type1/public/amsfonts/cm/cmsy10.pfb>
Output written on Main_Article_NMB_2.pdf (11 pages, 260056 bytes).
PDF statistics:
 159 PDF objects out of 1000 (max. 8388607)
 0 named destinations out of 1000 (max. 500000)
 71 words of extra memory for PDF output out of 10000 (max. 10000000)

